This is pdfTeX, Version 3.141592653-2.6-1.40.24 (TeX Live 2022) (preloaded format=pdflatex 2023.1.26)  29 MAR 2024 23:53
entering extended mode
 restricted \write18 enabled.
 %&-line parsing enabled.
**EE569_hw4_9993113672_Ma.tex
(./EE569_hw4_9993113672_Ma.tex
LaTeX2e <2022-11-01> patch level 1
L3 programming layer <2023-01-24>
(d:/Latex/texlive/2022/texmf-dist/tex/latex/base/article.cls
Document Class: article 2022/07/02 v1.4n Standard LaTeX document class
(d:/Latex/texlive/2022/texmf-dist/tex/latex/base/size12.clo
File: size12.clo 2022/07/02 v1.4n Standard LaTeX file (size option)
)
\c@part=\count185
\c@section=\count186
\c@subsection=\count187
\c@subsubsection=\count188
\c@paragraph=\count189
\c@subparagraph=\count190
\c@figure=\count191
\c@table=\count192
\abovecaptionskip=\skip48
\belowcaptionskip=\skip49
\bibindent=\dimen140
)
(d:/Latex/texlive/2022/texmf-dist/tex/latex/graphics/graphicx.sty
Package: graphicx 2021/09/16 v1.2d Enhanced LaTeX Graphics (DPC,SPQR)

(d:/Latex/texlive/2022/texmf-dist/tex/latex/graphics/keyval.sty
Package: keyval 2022/05/29 v1.15 key=value parser (DPC)
\KV@toks@=\toks16
)
(d:/Latex/texlive/2022/texmf-dist/tex/latex/graphics/graphics.sty
Package: graphics 2022/03/10 v1.4e Standard LaTeX Graphics (DPC,SPQR)

(d:/Latex/texlive/2022/texmf-dist/tex/latex/graphics/trig.sty
Package: trig 2021/08/11 v1.11 sin cos tan (DPC)
)
(d:/Latex/texlive/2022/texmf-dist/tex/latex/graphics-cfg/graphics.cfg
File: graphics.cfg 2016/06/04 v1.11 sample graphics configuration
)
Package graphics Info: Driver file: pdftex.def on input line 107.

(d:/Latex/texlive/2022/texmf-dist/tex/latex/graphics-def/pdftex.def
File: pdftex.def 2022/09/22 v1.2b Graphics/color driver for pdftex
))
\Gin@req@height=\dimen141
\Gin@req@width=\dimen142
)
(d:/Latex/texlive/2022/texmf-dist/tex/latex/geometry/geometry.sty
Package: geometry 2020/01/02 v5.9 Page Geometry

(d:/Latex/texlive/2022/texmf-dist/tex/generic/iftex/ifvtex.sty
Package: ifvtex 2019/10/25 v1.7 ifvtex legacy package. Use iftex instead.

(d:/Latex/texlive/2022/texmf-dist/tex/generic/iftex/iftex.sty
Package: iftex 2022/02/03 v1.0f TeX engine tests
))
\Gm@cnth=\count193
\Gm@cntv=\count194
\c@Gm@tempcnt=\count195
\Gm@bindingoffset=\dimen143
\Gm@wd@mp=\dimen144
\Gm@odd@mp=\dimen145
\Gm@even@mp=\dimen146
\Gm@layoutwidth=\dimen147
\Gm@layoutheight=\dimen148
\Gm@layouthoffset=\dimen149
\Gm@layoutvoffset=\dimen150
\Gm@dimlist=\toks17
)
(d:/Latex/texlive/2022/texmf-dist/tex/latex/amsmath/amsmath.sty
Package: amsmath 2022/04/08 v2.17n AMS math features
\@mathmargin=\skip50

For additional information on amsmath, use the `?' option.
(d:/Latex/texlive/2022/texmf-dist/tex/latex/amsmath/amstext.sty
Package: amstext 2021/08/26 v2.01 AMS text

(d:/Latex/texlive/2022/texmf-dist/tex/latex/amsmath/amsgen.sty
File: amsgen.sty 1999/11/30 v2.0 generic functions
\@emptytoks=\toks18
\ex@=\dimen151
))
(d:/Latex/texlive/2022/texmf-dist/tex/latex/amsmath/amsbsy.sty
Package: amsbsy 1999/11/29 v1.2d Bold Symbols
\pmbraise@=\dimen152
)
(d:/Latex/texlive/2022/texmf-dist/tex/latex/amsmath/amsopn.sty
Package: amsopn 2022/04/08 v2.04 operator names
)
\inf@bad=\count196
LaTeX Info: Redefining \frac on input line 234.
\uproot@=\count197
\leftroot@=\count198
LaTeX Info: Redefining \overline on input line 399.
LaTeX Info: Redefining \colon on input line 410.
\classnum@=\count199
\DOTSCASE@=\count266
LaTeX Info: Redefining \ldots on input line 496.
LaTeX Info: Redefining \dots on input line 499.
LaTeX Info: Redefining \cdots on input line 620.
\Mathstrutbox@=\box51
\strutbox@=\box52
LaTeX Info: Redefining \big on input line 722.
LaTeX Info: Redefining \Big on input line 723.
LaTeX Info: Redefining \bigg on input line 724.
LaTeX Info: Redefining \Bigg on input line 725.
\big@size=\dimen153
LaTeX Font Info:    Redeclaring font encoding OML on input line 743.
LaTeX Font Info:    Redeclaring font encoding OMS on input line 744.
\macc@depth=\count267
LaTeX Info: Redefining \bmod on input line 905.
LaTeX Info: Redefining \pmod on input line 910.
LaTeX Info: Redefining \smash on input line 940.
LaTeX Info: Redefining \relbar on input line 970.
LaTeX Info: Redefining \Relbar on input line 971.
\c@MaxMatrixCols=\count268
\dotsspace@=\muskip16
\c@parentequation=\count269
\dspbrk@lvl=\count270
\tag@help=\toks19
\row@=\count271
\column@=\count272
\maxfields@=\count273
\andhelp@=\toks20
\eqnshift@=\dimen154
\alignsep@=\dimen155
\tagshift@=\dimen156
\tagwidth@=\dimen157
\totwidth@=\dimen158
\lineht@=\dimen159
\@envbody=\toks21
\multlinegap=\skip51
\multlinetaggap=\skip52
\mathdisplay@stack=\toks22
LaTeX Info: Redefining \[ on input line 2953.
LaTeX Info: Redefining \] on input line 2954.
)
(d:/Latex/texlive/2022/texmf-dist/tex/latex/fancyhdr/fancyhdr.sty
Package: fancyhdr 2022/11/09 v4.1 Extensive control of page headers and footers

\f@nch@headwidth=\skip53
\f@nch@O@elh=\skip54
\f@nch@O@erh=\skip55
\f@nch@O@olh=\skip56
\f@nch@O@orh=\skip57
\f@nch@O@elf=\skip58
\f@nch@O@erf=\skip59
\f@nch@O@olf=\skip60
\f@nch@O@orf=\skip61
)
(d:/Latex/texlive/2022/texmf-dist/tex/latex/float/float.sty
Package: float 2001/11/08 v1.3d Float enhancements (AL)
\c@float@type=\count274
\float@exts=\toks23
\float@box=\box53
\@float@everytoks=\toks24
\@floatcapt=\box54
)
(d:/Latex/texlive/2022/texmf-dist/tex/latex/caption/subcaption.sty
Package: subcaption 2022/01/07 v1.5 Sub-captions (AR)

(d:/Latex/texlive/2022/texmf-dist/tex/latex/caption/caption.sty
Package: caption 2022/03/01 v3.6b Customizing captions (AR)

(d:/Latex/texlive/2022/texmf-dist/tex/latex/caption/caption3.sty
Package: caption3 2022/03/17 v2.3b caption3 kernel (AR)
\caption@tempdima=\dimen160
\captionmargin=\dimen161
\caption@leftmargin=\dimen162
\caption@rightmargin=\dimen163
\caption@width=\dimen164
\caption@indent=\dimen165
\caption@parindent=\dimen166
\caption@hangindent=\dimen167
Package caption Info: Standard document class detected.
)
\c@caption@flags=\count275
\c@continuedfloat=\count276
Package caption Info: float package is loaded.
)
\c@subfigure=\count277
\c@subtable=\count278
)
(d:/Latex/texlive/2022/texmf-dist/tex/latex/enumitem/enumitem.sty
Package: enumitem 2019/06/20 v3.9 Customized lists
\labelindent=\skip62
\enit@outerparindent=\dimen168
\enit@toks=\toks25
\enit@inbox=\box55
\enit@count@id=\count279
\enitdp@description=\count280
)
(d:/Latex/texlive/2022/texmf-dist/tex/latex/l3backend/l3backend-pdftex.def
File: l3backend-pdftex.def 2023-01-16 L3 backend support: PDF output (pdfTeX)
\l__color_backend_stack_int=\count281
\l__pdf_internal_box=\box56
)
(./EE569_hw4_9993113672_Ma.aux)
\openout1 = `EE569_hw4_9993113672_Ma.aux'.

LaTeX Font Info:    Checking defaults for OML/cmm/m/it on input line 16.
LaTeX Font Info:    ... okay on input line 16.
LaTeX Font Info:    Checking defaults for OMS/cmsy/m/n on input line 16.
LaTeX Font Info:    ... okay on input line 16.
LaTeX Font Info:    Checking defaults for OT1/cmr/m/n on input line 16.
LaTeX Font Info:    ... okay on input line 16.
LaTeX Font Info:    Checking defaults for T1/cmr/m/n on input line 16.
LaTeX Font Info:    ... okay on input line 16.
LaTeX Font Info:    Checking defaults for TS1/cmr/m/n on input line 16.
LaTeX Font Info:    ... okay on input line 16.
LaTeX Font Info:    Checking defaults for OMX/cmex/m/n on input line 16.
LaTeX Font Info:    ... okay on input line 16.
LaTeX Font Info:    Checking defaults for U/cmr/m/n on input line 16.
LaTeX Font Info:    ... okay on input line 16.

(d:/Latex/texlive/2022/texmf-dist/tex/context/base/mkii/supp-pdf.mkii
[Loading MPS to PDF converter (version 2006.09.02).]
\scratchcounter=\count282
\scratchdimen=\dimen169
\scratchbox=\box57
\nofMPsegments=\count283
\nofMParguments=\count284
\everyMPshowfont=\toks26
\MPscratchCnt=\count285
\MPscratchDim=\dimen170
\MPnumerator=\count286
\makeMPintoPDFobject=\count287
\everyMPtoPDFconversion=\toks27
) (d:/Latex/texlive/2022/texmf-dist/tex/latex/epstopdf-pkg/epstopdf-base.sty
Package: epstopdf-base 2020-01-24 v2.11 Base part for package epstopdf
Package epstopdf-base Info: Redefining graphics rule for `.eps' on input line 4
85.

(d:/Latex/texlive/2022/texmf-dist/tex/latex/latexconfig/epstopdf-sys.cfg
File: epstopdf-sys.cfg 2010/07/13 v1.3 Configuration of (r)epstopdf for TeX Liv
e
))
*geometry* driver: auto-detecting
*geometry* detected driver: pdftex
*geometry* verbose mode - [ preamble ] result:
* driver: pdftex
* paper: <default>
* layout: <same size as paper>
* layoutoffset:(h,v)=(0.0pt,0.0pt)
* modes: 
* h-part:(L,W,R)=(72.26999pt, 469.75502pt, 72.26999pt)
* v-part:(T,H,B)=(72.26999pt, 650.43001pt, 72.26999pt)
* \paperwidth=614.295pt
* \paperheight=794.96999pt
* \textwidth=469.75502pt
* \textheight=650.43001pt
* \oddsidemargin=0.0pt
* \evensidemargin=0.0pt
* \topmargin=-37.0pt
* \headheight=15.0pt
* \headsep=25.0pt
* \topskip=12.0pt
* \footskip=30.0pt
* \marginparwidth=44.0pt
* \marginparsep=10.0pt
* \columnsep=10.0pt
* \skip\footins=10.8pt plus 4.0pt minus 2.0pt
* \hoffset=0.0pt
* \voffset=0.0pt
* \mag=1000
* \@twocolumnfalse
* \@twosidefalse
* \@mparswitchfalse
* \@reversemarginfalse
* (1in=72.27pt=25.4mm, 1cm=28.453pt)

Package caption Info: Begin \AtBeginDocument code.
Package caption Info: End \AtBeginDocument code.
LaTeX Font Info:    Trying to load font information for OMS+cmr on input line 3
2.
(d:/Latex/texlive/2022/texmf-dist/tex/latex/base/omscmr.fd
File: omscmr.fd 2022/07/10 v2.5l Standard LaTeX font definitions
)
LaTeX Font Info:    Font shape `OMS/cmr/m/n' in size <12> not available
(Font)              Font shape `OMS/cmsy/m/n' tried instead on input line 32.
<composite.png, id=1, 513.92pt x 513.92pt>
File: composite.png Graphic file (type png)
<use composite.png>
Package pdftex.def Info: composite.png  used on input line 44.
(pdftex.def)             Requested size: 187.89914pt x 187.89682pt.
<segmented_image_a.png, id=2, 421.575pt x 316.0608pt>
File: segmented_image_a.png Graphic file (type png)
<use segmented_image_a.png>
Package pdftex.def Info: segmented_image_a.png  used on input line 51.
(pdftex.def)             Requested size: 258.36668pt x 193.70348pt.
 [1{d:/Latex/texlive/2022/texmf-var/fonts/map/pdftex/updmap/pdftex.map}

]
<segmented_image_b.png, id=11, 421.575pt x 316.18124pt>
File: segmented_image_b.png Graphic file (type png)
<use segmented_image_b.png>
Package pdftex.def Info: segmented_image_b.png  used on input line 62.
(pdftex.def)             Requested size: 234.8775pt x 176.1581pt.
 [2 <./composite.png> <./segmented_image_a.png (PNG copy)> <./segmented_image_b
.png (PNG copy)>]
<i11.png, id=16, 759.58781pt x 225.09094pt>
File: i11.png Graphic file (type png)
<use i11.png>
Package pdftex.def Info: i11.png  used on input line 87.
(pdftex.def)             Requested size: 469.75502pt x 139.20804pt.
<i12.png, id=17, 715.17188pt x 200.24812pt>
File: i12.png Graphic file (type png)
<use i12.png>
Package pdftex.def Info: i12.png  used on input line 95.
(pdftex.def)             Requested size: 469.75502pt x 131.53166pt.
<i21.png, id=18, 797.22844pt x 386.94562pt>
File: i21.png Graphic file (type png)
<use i21.png>
Package pdftex.def Info: i21.png  used on input line 103.
(pdftex.def)             Requested size: 469.75502pt x 228.00072pt.
<i22.png, id=19, 716.6775pt x 215.30438pt>
File: i22.png Graphic file (type png)
<use i22.png>
Package pdftex.def Info: i22.png  used on input line 111.
(pdftex.def)             Requested size: 469.75502pt x 141.1256pt.
<i31.png, id=20, 778.40813pt x 225.84375pt>
File: i31.png Graphic file (type png)
<use i31.png>
Package pdftex.def Info: i31.png  used on input line 120.
(pdftex.def)             Requested size: 469.75502pt x 136.29643pt.
<i32.png, id=21, 742.27313pt x 205.5178pt>
File: i32.png Graphic file (type png)
<use i32.png>
Package pdftex.def Info: i32.png  used on input line 128.
(pdftex.def)             Requested size: 469.75502pt x 130.06645pt.
<i41.png, id=22, 770.12718pt x 273.27094pt>
File: i41.png Graphic file (type png)
<use i41.png>
Package pdftex.def Info: i41.png  used on input line 136.
(pdftex.def)             Requested size: 469.75502pt x 166.68668pt.
<i42.png, id=23, 907.13907pt x 313.9228pt>
File: i42.png Graphic file (type png)
<use i42.png>
Package pdftex.def Info: i42.png  used on input line 144.
(pdftex.def)             Requested size: 469.75502pt x 162.5606pt.
 [3]
Overfull \vbox (105.18596pt too high) has occurred while \output is active []


[4 <./i11.png (PNG copy)> <./i12.png (PNG copy)> <./i21.png (PNG copy)> <./i22.
png (PNG copy)>]
Overfull \vbox (51.0801pt too high) has occurred while \output is active []


[5 <./i31.png (PNG copy)> <./i32.png (PNG copy)> <./i41.png (PNG copy)> <./i42.
png (PNG copy)>] [6] (./EE569_hw4_9993113672_Ma.aux) ) 
Here is how much of TeX's memory you used:
 4727 strings out of 476065
 79484 string characters out of 5792026
 1859299 words of memory out of 5000000
 25109 multiletter control sequences out of 15000+600000
 517515 words of font info for 50 fonts, out of 8000000 for 9000
 1141 hyphenation exceptions out of 8191
 67i,11n,77p,611b,498s stack positions out of 10000i,1000n,20000p,200000b,200000s
<d:/Latex/texlive/2022/te
xmf-dist/fonts/type1/public/amsfonts/cm/cmbx12.pfb><d:/Latex/texlive/2022/texmf
-dist/fonts/type1/public/amsfonts/cm/cmr10.pfb><d:/Latex/texlive/2022/texmf-dis
t/fonts/type1/public/amsfonts/cm/cmr12.pfb><d:/Latex/texlive/2022/texmf-dist/fo
nts/type1/public/amsfonts/cm/cmsy10.pfb>
Output written on EE569_hw4_9993113672_Ma.pdf (6 pages, 1514977 bytes).
PDF statistics:
 54 PDF objects out of 1000 (max. 8388607)
 26 compressed objects within 1 object stream
 0 named destinations out of 1000 (max. 500000)
 56 words of extra memory for PDF output out of 10000 (max. 10000000)

